Log file open, 06/02/16 18:14:20
LogInit:Display: Running engine for game: CityScape
LogPlatformFile: Not using cached read wrapper
LogInit:Display: RandInit(-1438403630) SRandInit(-1438403627).
LogTaskGraph: Started task graph with 4 named threads and 5 total threads.
LogStats: Stats thread started at 0.060601
LogInit: Version: 4.11.2-2946394+++UE4+Release-4.11
LogInit: API Version: 2927265
LogInit: Compiled (64-bit): Apr 18 2016 02:18:46
LogInit: Compiled with Visual C++: 19.00.23026.00
LogInit: Build Configuration: Development
LogInit: Branch Name: ++UE4+Release-4.11
LogInit: Command line:  /Temp/Autosaves/Temp/UEDPCUntitled_1 -game -PIEVIACONSOLE -ResX=1280 -ResY=720  -Multiprocess -messaging -SessionName="Play in Standalone Game" 
LogInit: Base directory: C:/Program Files (x86)/Epic Games/4.11/Engine/Binaries/Win64/
LogInit: Installed Engine Build: 1
LogInit: Using libcurl 7.41.0
LogInit:  - built for x86_64-pc-win32
LogInit:  - supports SSL with WinSSL
LogInit:  - other features:
LogInit:      CURL_VERSION_SSL
LogInit:      CURL_VERSION_IPV6
LogInit:      CURL_VERSION_ASYNCHDNS
LogInit:      CURL_VERSION_LARGEFILE
LogInit:      CURL_VERSION_IDN
LogInit:  CurlRequestOptions (configurable via config and command line):
LogInit:  - bVerifyPeer = true  - Libcurl will verify peer certificate
LogInit:  - bUseHttpProxy = false  - Libcurl will NOT use HTTP proxy
LogInit:  - bDontReuseConnections = false  - Libcurl will reuse connections
LogInit:  - CertBundlePath = nullptr  - Libcurl will use whatever was configured at build time.
LogInit: Presizing for max 16777216 objects, including 0 objects not considered by GC, pre-allocating 0 bytes for permanent pool.
LogInit: Object subsystem initialized
[2016.06.02-22.14.21:130][  0]LogInit: Selected Device Profile: [Windows]
[2016.06.02-22.14.21:130][  0]LogInit: Applying CVar settings loaded from the selected device profile: [Windows]
[2016.06.02-22.14.21:134][  0]LogInit: Computer: JUKEBOX
[2016.06.02-22.14.21:134][  0]LogInit: User: Karottop
[2016.06.02-22.14.21:134][  0]LogInit: CPU Page size=65536, Cores=2
[2016.06.02-22.14.21:134][  0]LogInit: High frequency timer resolution =2.728222 MHz
[2016.06.02-22.14.21:134][  0]LogMemory: Memory total: Physical=7.9GB (8GB approx)
[2016.06.02-22.14.21:134][  0]LogMemory: Platform Memory Stats for Windows
[2016.06.02-22.14.21:134][  0]LogMemory: Process Physical Memory: 311.87 MB used, 311.87 MB peak
[2016.06.02-22.14.21:134][  0]LogMemory: Process Virtual Memory: 315.28 MB used, 315.28 MB peak
[2016.06.02-22.14.21:134][  0]LogMemory: Physical Memory: 5738.08 MB used, 8075.95 MB total
[2016.06.02-22.14.21:134][  0]LogMemory: Virtual Memory: 619.78 MB used, 8388608.00 MB total
[2016.06.02-22.14.21:177][  0]LogTextLocalizationManager: No specific translations for ('en-US') exist, so ('en') translations will be used.
[2016.06.02-22.14.21:646][  0]LogD3D11RHI: D3D11 adapters:
[2016.06.02-22.14.21:684][  0]LogD3D11RHI:    0. 'Intel(R) HD Graphics 3000' (Feature Level 10_0)
[2016.06.02-22.14.21:684][  0]LogD3D11RHI:       64MB of dedicated video memory, 0MB of dedicated system memory, and 1632MB of shared system memory, 1 output[s]
[2016.06.02-22.14.21:684][  0]LogD3D11RHI: Chosen D3D11 Adapter: 0
[2016.06.02-22.14.21:690][  0]LogD3D11RHI: Creating new Direct3DDevice
[2016.06.02-22.14.21:690][  0]LogD3D11RHI:     Adapter Name: Intel(R) HD Graphics 3000
[2016.06.02-22.14.21:690][  0]LogD3D11RHI:   Driver Version: 9.17.10.4229 (internal 9.17.10.4229)
[2016.06.02-22.14.21:690][  0]LogD3D11RHI:      Driver Date: 5-26-2015
[2016.06.02-22.14.21:691][  0]LogRHI: Texture pool is 616 MB (70% of 880 MB)
[2016.06.02-22.14.21:694][  0]LogD3D11RHI: Async texture creation enabled
[2016.06.02-22.14.21:709][  0]LogShaderCompilers: Guid format shader working directory is 21 characters bigger than the processId version (D:/Work at Amches/CityScape/Intermediate/Shaders/WorkingDirectory/24404/).
[2016.06.02-22.14.21:709][  0]LogShaderCompilers: Cleaned the shader compiler working directory 'C:/Users/Karottop/AppData/Local/Temp/UnrealShaderWorkingDir/FA4C5FC34A4B6B1249BC1B864355C787/'.
[2016.06.02-22.14.21:709][  0]LogShaderCompilers:Display: Using Local Shader Compiler.
[2016.06.02-22.14.24:874][  0]LogTemp:Display: Loaded TP AllDesktopTargetPlatform
[2016.06.02-22.14.24:878][  0]LogTemp:Display: Loaded TP WindowsClientTargetPlatform
[2016.06.02-22.14.24:883][  0]LogTemp:Display: Loaded TP WindowsNoEditorTargetPlatform
[2016.06.02-22.14.24:887][  0]LogTemp:Display: Loaded TP WindowsServerTargetPlatform
[2016.06.02-22.14.24:890][  0]LogTemp:Display: Loaded TP WindowsTargetPlatform
[2016.06.02-22.14.24:893][  0]LogTemp:Display: Loaded TP AndroidTargetPlatform
[2016.06.02-22.14.24:896][  0]LogTemp:Display: Loaded TP Android_ASTCTargetPlatform
[2016.06.02-22.14.24:899][  0]LogTemp:Display: Loaded TP Android_ATCTargetPlatform
[2016.06.02-22.14.24:902][  0]LogTemp:Display: Loaded TP Android_DXTTargetPlatform
[2016.06.02-22.14.24:906][  0]LogTemp:Display: Loaded TP Android_ETC1TargetPlatform
[2016.06.02-22.14.24:909][  0]LogTemp:Display: Loaded TP Android_ETC2TargetPlatform
[2016.06.02-22.14.24:915][  0]LogTemp:Display: Loaded TP Android_MultiTargetPlatform
[2016.06.02-22.14.24:915][  0]LogTemp:Display: Loaded TP Android_PVRTCTargetPlatform
[2016.06.02-22.14.24:916][  0]LogTemp:Display: Loaded TP HTML5TargetPlatform
[2016.06.02-22.14.24:932][  0]LogTemp:Display: Loaded TP IOSTargetPlatform
[2016.06.02-22.14.24:935][  0]LogTemp:Display: Loaded TP TVOSTargetPlatform
[2016.06.02-22.14.24:938][  0]LogTemp:Display: Loaded TP LinuxNoEditorTargetPlatform
[2016.06.02-22.14.24:941][  0]LogTemp:Display: Loaded TP LinuxServerTargetPlatform
[2016.06.02-22.14.24:971][  0]LogTemp:Display: Loaded TP LinuxTargetPlatform
[2016.06.02-22.14.24:971][  0]LogTargetPlatformManager:Display: Building Assets For Windows
[2016.06.02-22.14.25:034][  0]LogDerivedDataCache:Display: Max Cache Size: 512 MB
[2016.06.02-22.14.26:182][  0]LogDerivedDataCache: Loaded boot cache 1.15s 40MB C:/Users/Karottop/AppData/Local/UnrealEngine/4.11/DerivedDataCache/Boot.ddc.
[2016.06.02-22.14.26:182][  0]LogDerivedDataCache:Display: Loaded Boot cache: C:/Users/Karottop/AppData/Local/UnrealEngine/4.11/DerivedDataCache/Boot.ddc
[2016.06.02-22.14.26:182][  0]LogDerivedDataCache: FDerivedDataBackendGraph:  Pak pak cache file D:/Work at Amches/CityScape/DerivedDataCache/DDC.ddp not found, will not use a pak cache.
[2016.06.02-22.14.26:182][  0]LogDerivedDataCache: Unable to find inner node Pak for hierarchical cache Hierarchy.
[2016.06.02-22.14.26:182][  0]LogDerivedDataCache: FDerivedDataBackendGraph:  CompressedPak pak cache file D:/Work at Amches/CityScape/DerivedDataCache/Compressed.ddp not found, will not use a pak cache.
[2016.06.02-22.14.26:182][  0]LogDerivedDataCache: Unable to find inner node CompressedPak for hierarchical cache Hierarchy.
[2016.06.02-22.14.26:221][  0]LogDerivedDataCache:Display: Pak cache opened for reading ../../../Engine/DerivedDataCache/Compressed.ddp.
[2016.06.02-22.14.26:234][  0]LogDerivedDataCache: Using Local data cache path C:/Users/Karottop/AppData/Local/UnrealEngine/Common/DerivedDataCache: Writable
[2016.06.02-22.14.26:496][  0]LogInit: Selected Device Profile: [Windows]
[2016.06.02-22.14.26:505][  0]LogMaterial: Uniform references updated for custom material expression Custom.
[2016.06.02-22.14.26:507][  0]LogContentStreaming: Texture pool size is 1000.00 MB
[2016.06.02-22.14.26:635][  0]LogMeshUtilities: No automatic mesh reduction module available
[2016.06.02-22.14.26:635][  0]LogMeshUtilities: No automatic mesh merging module available
[2016.06.02-22.14.26:635][  0]LogMeshUtilities: No distributed automatic mesh merging module available
[2016.06.02-22.14.27:081][  0]LogInit: WinSock: version 1.1 (2.2), MaxSocks=32767, MaxUdp=65467
[2016.06.02-22.14.27:237][  0]LogSlate: SlateFontCache - WITH_FREETYPE: 1, WITH_HARFBUZZ: 1
[2016.06.02-22.14.27:237][  0]LogSlate: SlateFontCache - WITH_FREETYPE: 1, WITH_HARFBUZZ: 1
[2016.06.02-22.14.28:732][  0]LogWindowsMoviePlayer: Unable to load movie: D:/Work at Amches/CityScape/Content/Movies/Default_Startup.mp4
[2016.06.02-22.14.29:019][  0]LogUdpMessaging: Initializing bridge on interface 0.0.0.0:0 to multicast group 230.0.0.1:6666.
[2016.06.02-22.14.29:092][  0]SourceControl: Info Source control is disabled
[2016.06.02-22.14.29:092][  0]SourceControl: Info Source control is disabled
[2016.06.02-22.14.29:098][  0]SourceControl: Info Source control is disabled
[2016.06.02-22.14.29:170][  0]LogHMD: Failed to initialize OpenVR with code 110
[2016.06.02-22.14.29:188][  0]LogUObjectArray: 29224 objects as part of root set at end of initial load.
[2016.06.02-22.14.29:188][  0]LogUObjectAllocator: 6081368 out of 0 bytes used by permanent object pool.
[2016.06.02-22.14.29:188][  0]LogUObjectArray: CloseDisregardForGC: 0/0 objects in disregard for GC pool
[2016.06.02-22.14.30:309][  0]LogEngine: Initializing Engine...
[2016.06.02-22.14.30:427][  0]LogInit: XAudio2 using 'Speakers (Realtek High Definition Audio)' : 2 channels at 48 kHz using 32 bits per sample (channel mask 0x3)
[2016.06.02-22.14.30:437][  0]LogInit: FAudioDevice initialized.
[2016.06.02-22.14.30:442][  0]LogInit: Texture streaming: Enabled
[2016.06.02-22.14.30:861][  0]LogNet: Browse: /Temp/Autosaves/Temp/UEDPCUntitled_1?Name=Player
[2016.06.02-22.14.30:878][  0]LogLoad: LoadMap: /Temp/Autosaves/Temp/UEDPCUntitled_1?Name=Player
[2016.06.02-22.14.30:914][  0]LogMemory: Platform Memory Stats for Windows
[2016.06.02-22.14.30:914][  0]LogMemory: Process Physical Memory: 646.93 MB used, 646.93 MB peak
[2016.06.02-22.14.30:914][  0]LogMemory: Process Virtual Memory: 642.40 MB used, 694.50 MB peak
[2016.06.02-22.14.30:914][  0]LogMemory: Physical Memory: 6018.37 MB used, 8075.95 MB total
[2016.06.02-22.14.30:914][  0]LogMemory: Virtual Memory: 1156.12 MB used, 8388608.00 MB total
[2016.06.02-22.14.30:914][  0]LogMemory: 
[2016.06.02-22.14.30:914][  0]Allocator Stats for TBB: (not implemented)
[2016.06.02-22.14.31:241][  0]LogAIModule: Creating AISystem for world Untitled_1
[2016.06.02-22.14.31:259][  0]ImportText (AttachHereBack): Missing opening parenthesis: 
[2016.06.02-22.14.31:312][  0]ImportText (NewParam): Missing opening parenthesis: 
[2016.06.02-22.14.31:320][  0]LogBlueprint:Warning: [compiler ThirdPersonGameMode] Warning 'ReturnValue' is already a 'Environment Tile', you don't need  Cast To EnvironmentTile .
[2016.06.02-22.14.31:321][  0]LogBlueprint:Warning: [compiler ThirdPersonGameMode] Warning [0010.86] Compile of ThirdPersonGameMode successful, but with 1 Warning(s) [in 2 ms]
[2016.06.02-22.14.31:321][  0]LogBlueprint:Warning: [compiler ThirdPersonGameMode] Warning [0010.86] Compile of ThirdPersonGameMode successful, but with 2 Warning(s) [in 0 ms]
[2016.06.02-22.14.31:321][  0]LogBlueprint:Warning: [compiler ThirdPersonGameMode] Warning [0010.86] Compile of ThirdPersonGameMode successful, but with 3 Warning(s) [in 0 ms]
[2016.06.02-22.14.31:324][  0]ImportText (AttachHereBack): Missing opening parenthesis: 
[2016.06.02-22.14.31:331][  0]ImportText (NewParam): Missing opening parenthesis: 
[2016.06.02-22.14.31:343][  0]LogBlueprint:Warning: [compiler ThirdPersonGameMode] Warning 'ReturnValue' is already a 'Environment Tile', you don't need  Cast To EnvironmentTile .
[2016.06.02-22.14.31:344][  0]LogBlueprint:Warning: [compiler ThirdPersonGameMode] Warning [0010.88] Compile of ThirdPersonGameMode successful, but with 1 Warning(s) [in 2 ms]
[2016.06.02-22.14.31:344][  0]LogBlueprint:Warning: [compiler ThirdPersonGameMode] Warning [0010.88] Compile of ThirdPersonGameMode successful, but with 2 Warning(s) [in 0 ms]
[2016.06.02-22.14.31:344][  0]LogBlueprint:Warning: [compiler ThirdPersonGameMode] Warning [0010.88] Compile of ThirdPersonGameMode successful, but with 3 Warning(s) [in 0 ms]
[2016.06.02-22.14.31:573][  0]LogWorld: Game class is 'ThirdPersonGameMode_C'
[2016.06.02-22.14.31:574][  0]LogWorld: Bringing World /Temp/Autosaves/Temp/UEDPCUntitled_1.Untitled_1 up for play (max tick rate 0) at 2016.06.02-18.14.31
[2016.06.02-22.14.31:575][  0]LogWorld: Bringing up level for play took: 0.001563
[2016.06.02-22.14.31:579][  0]LogInit:Display: Game Engine Initialized.
[2016.06.02-22.14.31:807][  0]LogLoad: Full Startup: 11.34 seconds (BP compile: 0.24 seconds)
[2016.06.02-22.14.31:807][  0]LogExternalProfiler: Found external profiler: VSPerf
[2016.06.02-22.14.31:807][  0]LogExternalProfiler: Using external profiler: VSPerf
[2016.06.02-22.14.31:826][  0]LogOcInput: OculusInput pre-init called
[2016.06.02-22.14.32:015][  2]LogRenderer: Reallocating scene render targets to support 1280x720 (Frame:2).
[2016.06.02-22.15.13:483][326]LogEngine: All Windows Closed
[2016.06.02-22.15.13:483][326]LogWindows: FPlatformMisc::RequestExit(0)
[2016.06.02-22.15.14:321][327]LogExit: Preparing to exit.
[2016.06.02-22.15.15:173][327]LogExit: Game engine shut down
[2016.06.02-22.15.15:338][327]LogObj: Freed 0b from 0 cluster array pools.
[2016.06.02-22.15.15:338][327]LogExit: Object subsystem successfully closed.
[2016.06.02-22.15.15:352][327]LogD3D11RHI: Shutdown
[2016.06.02-22.15.15:352][327]LogD3D11RHI: CleanupD3DDevice
[2016.06.02-22.15.15:528][327]LogD3D11RHI: ~FD3D11DynamicRHI
[2016.06.02-22.15.15:753][327]LogDerivedDataCache: Shutdown
[2016.06.02-22.15.15:753][327]LogModuleManager: Shutting down and abandoning module AndroidDeviceDetection (124)
[2016.06.02-22.15.15:936][327]LogModuleManager: Shutting down and abandoning module AutomationController (123)
[2016.06.02-22.15.15:936][327]LogModuleManager: Shutting down and abandoning module AutomationWorker (122)
[2016.06.02-22.15.15:936][327]LogModuleManager: Shutting down and abandoning module CharacterAI (121)
[2016.06.02-22.15.15:936][327]LogModuleManager: Shutting down and abandoning module AITestSuite (120)
[2016.06.02-22.15.15:936][327]LogModuleManager: Shutting down and abandoning module GameplayDebugger (119)
[2016.06.02-22.15.15:936][327]LogModuleManager: Shutting down and abandoning module AIModule (118)
[2016.06.02-22.15.15:936][327]LogModuleManager: Shutting down and abandoning module MovieSceneCapture (117)
[2016.06.02-22.15.15:950][327]LogModuleManager: Shutting down and abandoning module StreamingPauseRendering (116)
[2016.06.02-22.15.15:950][327]LogModuleManager: Shutting down and abandoning module PortalServices (115)
[2016.06.02-22.15.15:950][327]LogModuleManager: Shutting down and abandoning module PortalRpc (114)
[2016.06.02-22.15.15:950][327]LogModuleManager: Shutting down and abandoning module MessagingRpc (113)
[2016.06.02-22.15.15:950][327]LogModuleManager: Shutting down and abandoning module ProfilerService (112)
[2016.06.02-22.15.16:021][327]LogModuleManager: Shutting down and abandoning module TaskGraph (111)
[2016.06.02-22.15.16:021][327]LogModuleManager: Shutting down and abandoning module SlateRemote (110)
[2016.06.02-22.15.16:021][327]LogModuleManager: Shutting down and abandoning module SteamVRController (109)
[2016.06.02-22.15.16:021][327]LogModuleManager: Shutting down and abandoning module SteamVR (108)
[2016.06.02-22.15.16:021][327]LogModuleManager: Shutting down and abandoning module ProceduralMeshComponent (107)
[2016.06.02-22.15.16:021][327]LogModuleManager: Shutting down and abandoning module OculusLibrary (106)
[2016.06.02-22.15.16:021][327]LogModuleManager: Shutting down and abandoning module OculusInput (105)
[2016.06.02-22.15.16:021][327]LogModuleManager: Shutting down and abandoning module CustomMeshComponent (104)
[2016.06.02-22.15.16:021][327]LogModuleManager: Shutting down and abandoning module CableComponent (103)
[2016.06.02-22.15.16:021][327]LogModuleManager: Shutting down and abandoning module ArchVisCharacter (102)
[2016.06.02-22.15.16:021][327]LogModuleManager: Shutting down and abandoning module HTML5Networking (101)
[2016.06.02-22.15.16:021][327]LogModuleManager: Shutting down and abandoning module DesktopPlatform (100)
[2016.06.02-22.15.16:021][327]LogModuleManager: Shutting down and abandoning module DirectoryWatcher (99)
[2016.06.02-22.15.16:021][327]LogModuleManager: Shutting down and abandoning module HotReload (98)
[2016.06.02-22.15.16:021][327]LogModuleManager: Shutting down and abandoning module VisualStudioSourceCodeAccess (97)
[2016.06.02-22.15.16:021][327]LogModuleManager: Shutting down and abandoning module UObjectPlugin (96)
[2016.06.02-22.15.16:021][327]LogModuleManager: Shutting down and abandoning module SubversionSourceControl (95)
[2016.06.02-22.15.16:021][327]LogModuleManager: Shutting down and abandoning module SourceControl (94)
[2016.06.02-22.15.16:021][327]LogModuleManager: Shutting down and abandoning module PerforceSourceControl (93)
[2016.06.02-22.15.16:021][327]LogModuleManager: Shutting down and abandoning module UdpMessaging (92)
[2016.06.02-22.15.16:121][327]LogModuleManager: Shutting down and abandoning module LightPropagationVolumeRuntime (91)
[2016.06.02-22.15.16:121][327]LogModuleManager: Shutting down and abandoning module Paper2D (90)
[2016.06.02-22.15.16:121][327]LogModuleManager: Shutting down and abandoning module WindowsMoviePlayer (89)
[2016.06.02-22.15.16:121][327]LogModuleManager: Shutting down and abandoning module Media (88)
[2016.06.02-22.15.16:121][327]LogModuleManager: Shutting down and abandoning module WmfMedia (87)
[2016.06.02-22.15.16:121][327]LogModuleManager: Shutting down and abandoning module MediaAssets (86)
[2016.06.02-22.15.16:121][327]LogModuleManager: Shutting down and abandoning module GameLiveStreaming (85)
[2016.06.02-22.15.16:121][327]LogModuleManager: Shutting down and abandoning module GameplayTagsEditor (84)
[2016.06.02-22.15.16:122][327]LogModuleManager: Shutting down and abandoning module OnlineBlueprintSupport (83)
[2016.06.02-22.15.16:122][327]LogModuleManager: Shutting down and abandoning module GameplayTasksEditor (82)
[2016.06.02-22.15.16:122][327]LogModuleManager: Shutting down and abandoning module PropertyEditor (81)
[2016.06.02-22.15.16:122][327]LogModuleManager: Shutting down and abandoning module BehaviorTreeEditor (80)
[2016.06.02-22.15.16:122][327]LogModuleManager: Shutting down and abandoning module FunctionalTesting (79)
[2016.06.02-22.15.16:122][327]LogModuleManager: Shutting down and abandoning module CollisionAnalyzer (78)
[2016.06.02-22.15.16:122][327]LogModuleManager: Shutting down and abandoning module WorkspaceMenuStructure (77)
[2016.06.02-22.15.16:122][327]LogModuleManager: Shutting down and abandoning module MessageLog (76)
[2016.06.02-22.15.16:122][327]LogModuleManager: Shutting down and abandoning module Sequencer (75)
[2016.06.02-22.15.16:122][327]LogModuleManager: Shutting down and abandoning module AssetTools (74)
[2016.06.02-22.15.16:122][327]LogModuleManager: Shutting down and abandoning module UMGEditor (73)
[2016.06.02-22.15.16:122][327]LogModuleManager: Shutting down and abandoning module UMG (72)
[2016.06.02-22.15.16:122][327]LogModuleManager: Shutting down and abandoning module SlateReflector (71)
[2016.06.02-22.15.16:122][327]LogModuleManager: Shutting down and abandoning module Slate (70)
[2016.06.02-22.15.16:122][327]LogModuleManager: Shutting down and abandoning module EditorStyle (69)
[2016.06.02-22.15.16:126][327]LogModuleManager: Shutting down and abandoning module SessionServices (68)
[2016.06.02-22.15.16:126][327]LogModuleManager: Shutting down and abandoning module SourceCodeAccess (67)
[2016.06.02-22.15.16:126][327]LogModuleManager: Shutting down and abandoning module HeadMountedDisplay (66)
[2016.06.02-22.15.16:126][327]LogModuleManager: Shutting down and abandoning module XAudio2 (65)
[2016.06.02-22.15.16:126][327]LogModuleManager: Shutting down and abandoning module Networking (63)
[2016.06.02-22.15.16:126][327]LogModuleManager: Shutting down and abandoning module Core (62)
[2016.06.02-22.15.16:126][327]LogModuleManager: Shutting down and abandoning module KismetCompiler (61)
[2016.06.02-22.15.16:126][327]LogModuleManager: Shutting down and abandoning module PhysXFormats (60)
[2016.06.02-22.15.16:126][327]LogModuleManager: Shutting down and abandoning module MeshUtilities (59)
[2016.06.02-22.15.16:126][327]LogModuleManager: Shutting down and abandoning module CookingStats (58)
[2016.06.02-22.15.16:126][327]LogModuleManager: Shutting down and abandoning module DerivedDataCache (57)
[2016.06.02-22.15.16:126][327]LogDerivedDataCache: Shutdown
[2016.06.02-22.15.16:126][327]LogModuleManager: Shutting down and abandoning module ShaderFormatOpenGL (56)
[2016.06.02-22.15.16:126][327]LogModuleManager: Shutting down and abandoning module ShaderFormatD3D (55)
[2016.06.02-22.15.16:126][327]LogModuleManager: Shutting down and abandoning module MetalShaderFormat (54)
[2016.06.02-22.15.16:126][327]LogModuleManager: Shutting down and abandoning module TextureFormatUncompressed (53)
[2016.06.02-22.15.16:126][327]LogModuleManager: Shutting down and abandoning module TextureFormatPVR (52)
[2016.06.02-22.15.16:126][327]LogModuleManager: Shutting down and abandoning module TextureFormatIntelISPCTexComp (51)
[2016.06.02-22.15.16:126][327]LogModuleManager: Shutting down and abandoning module TextureFormatDXT (50)
[2016.06.02-22.15.16:126][327]LogModuleManager: Shutting down and abandoning module ImageWrapper (49)
[2016.06.02-22.15.16:126][327]LogModuleManager: Shutting down and abandoning module TextureFormatASTC (48)
[2016.06.02-22.15.16:126][327]LogModuleManager: Shutting down and abandoning module TextureFormatAndroid (47)
[2016.06.02-22.15.16:126][327]LogModuleManager: Shutting down and abandoning module AudioFormatOpus (46)
[2016.06.02-22.15.16:126][327]LogModuleManager: Shutting down and abandoning module AudioFormatOgg (45)
[2016.06.02-22.15.16:126][327]LogModuleManager: Shutting down and abandoning module AudioFormatADPCM (44)
[2016.06.02-22.15.16:126][327]LogModuleManager: Shutting down and abandoning module LinuxTargetPlatform (43)
[2016.06.02-22.15.16:126][327]LogModuleManager: Shutting down and abandoning module LinuxServerTargetPlatform (42)
[2016.06.02-22.15.16:126][327]LogModuleManager: Shutting down and abandoning module LinuxNoEditorTargetPlatform (41)
[2016.06.02-22.15.16:126][327]LogModuleManager: Shutting down and abandoning module TVOSTargetPlatform (40)
[2016.06.02-22.15.16:126][327]LogModuleManager: Shutting down and abandoning module Messaging (39)
[2016.06.02-22.15.16:126][327]LogModuleManager: Shutting down and abandoning module IOSTargetPlatform (38)
[2016.06.02-22.15.16:126][327]LogModuleManager: Shutting down and abandoning module HTML5TargetPlatform (37)
[2016.06.02-22.15.16:126][327]LogModuleManager: Shutting down and abandoning module Android_PVRTCTargetPlatform (36)
[2016.06.02-22.15.16:126][327]LogModuleManager: Shutting down and abandoning module Android_MultiTargetPlatform (35)
[2016.06.02-22.15.16:126][327]LogModuleManager: Shutting down and abandoning module Android_ETC2TargetPlatform (34)
[2016.06.02-22.15.16:126][327]LogModuleManager: Shutting down and abandoning module Android_ETC1TargetPlatform (33)
[2016.06.02-22.15.16:126][327]LogModuleManager: Shutting down and abandoning module Android_DXTTargetPlatform (32)
[2016.06.02-22.15.16:126][327]LogModuleManager: Shutting down and abandoning module Android_ATCTargetPlatform (31)
[2016.06.02-22.15.16:126][327]LogModuleManager: Shutting down and abandoning module Android_ASTCTargetPlatform (30)
[2016.06.02-22.15.16:126][327]LogModuleManager: Shutting down and abandoning module AndroidTargetPlatform (29)
[2016.06.02-22.15.16:126][327]LogModuleManager: Shutting down and abandoning module WindowsTargetPlatform (28)
[2016.06.02-22.15.16:126][327]LogModuleManager: Shutting down and abandoning module WindowsServerTargetPlatform (27)
[2016.06.02-22.15.16:126][327]LogModuleManager: Shutting down and abandoning module WindowsNoEditorTargetPlatform (26)
[2016.06.02-22.15.16:126][327]LogModuleManager: Shutting down and abandoning module WindowsClientTargetPlatform (25)
[2016.06.02-22.15.16:126][327]LogModuleManager: Shutting down and abandoning module AllDesktopTargetPlatform (24)
[2016.06.02-22.15.16:126][327]LogModuleManager: Shutting down and abandoning module TargetPlatform (23)
[2016.06.02-22.15.16:126][327]LogModuleManager: Shutting down and abandoning module InputCore (22)
[2016.06.02-22.15.16:127][327]LogModuleManager: Shutting down and abandoning module Settings (21)
[2016.06.02-22.15.16:127][327]LogModuleManager: Shutting down and abandoning module OnlineSubsystem (19)
[2016.06.02-22.15.16:127][327]LogModuleManager: Shutting down and abandoning module HTTP (18)
[2016.06.02-22.15.16:127][327]LogModuleManager: Shutting down and abandoning module XMPP (17)
[2016.06.02-22.15.16:127][327]LogModuleManager: Shutting down and abandoning module OculusRift (16)
[2016.06.02-22.15.16:127][327]LogModuleManager: Shutting down and abandoning module ExampleDeviceProfileSelector (15)
[2016.06.02-22.15.16:127][327]LogModuleManager: Shutting down and abandoning module TextureCompressor (14)
[2016.06.02-22.15.16:127][327]LogModuleManager: Shutting down and abandoning module ShaderCore (13)
[2016.06.02-22.15.16:127][327]LogModuleManager: Shutting down and abandoning module Landscape (12)
[2016.06.02-22.15.16:127][327]LogModuleManager: Shutting down and abandoning module SlateRHIRenderer (11)
[2016.06.02-22.15.16:127][327]LogModuleManager: Shutting down and abandoning module OpenGLDrv (10)
[2016.06.02-22.15.16:127][327]LogModuleManager: Shutting down and abandoning module D3D11RHI (9)
[2016.06.02-22.15.16:127][327]LogModuleManager: Shutting down and abandoning module AnimGraphRuntime (8)
[2016.06.02-22.15.16:127][327]LogModuleManager: Shutting down and abandoning module Renderer (7)
[2016.06.02-22.15.16:127][327]LogModuleManager: Shutting down and abandoning module Engine (6)
[2016.06.02-22.15.16:127][327]LogModuleManager: Shutting down and abandoning module CoreUObject (5)
[2016.06.02-22.15.16:127][327]LogModuleManager: Shutting down and abandoning module NetworkFile (4)
[2016.06.02-22.15.16:127][327]LogModuleManager: Shutting down and abandoning module StreamingFile (3)
[2016.06.02-22.15.16:127][327]LogModuleManager: Shutting down and abandoning module SandboxFile (2)
[2016.06.02-22.15.16:127][327]LogModuleManager: Shutting down and abandoning module PakFile (1)
[2016.06.02-22.15.16:128][327]LogExit: Exiting.
[2016.06.02-22.15.16:130][327]Log file closed, 06/02/16 18:15:16
